This is pdfTeX, Version 3.1415926-1.40.11 (MiKTeX 2.9) (preloaded format=pdflatex 2011.5.10)  22 DEC 2011 14:33
entering extended mode
**report.tex

(C:\Users\makbar\Desktop\Muhammad-Docs\Personal\new\submission\docs\src\latex\r
eport.tex
LaTeX2e <2009/09/24>
Babel <v3.8l> and hyphenation patterns for english, afrikaans, ancientgreek, ar
abic, armenian, assamese, basque, bengali, bokmal, bulgarian, catalan, coptic, 
croatian, czech, danish, dutch, esperanto, estonian, farsi, finnish, french, ga
lician, german, german-x-2009-06-19, greek, gujarati, hindi, hungarian, iceland
ic, indonesian, interlingua, irish, italian, kannada, kurmanji, lao, latin, lat
vian, lithuanian, malayalam, marathi, mongolian, mongolianlmc, monogreek, ngerm
an, ngerman-x-2009-06-19, nynorsk, oriya, panjabi, pinyin, polish, portuguese, 
romanian, russian, sanskrit, serbian, slovak, slovenian, spanish, swedish, swis
sgerman, tamil, telugu, turkish, turkmen, ukenglish, ukrainian, uppersorbian, u
senglishmax, welsh, loaded.

(C:\Users\makbar\Desktop\Muhammad-Docs\Personal\new\submission\docs\src\latex\l
lncs.cls
Document Class: llncs 2004/08/17 v2.14 
 LaTeX document class for Lecture Notes in Computer Science
("C:\Program Files (x86)\MiKTeX\tex\latex\base\article.cls"
Document Class: article 2007/10/19 v1.4h Standard LaTeX document class
("C:\Program Files (x86)\MiKTeX\tex\latex\base\size12.clo"
File: size12.clo 2007/10/19 v1.4h Standard LaTeX file (size option)
)
\c@part=\count79
\c@section=\count80
\c@subsection=\count81
\c@subsubsection=\count82
\c@paragraph=\count83
\c@subparagraph=\count84
\c@figure=\count85
\c@table=\count86
\abovecaptionskip=\skip41
\belowcaptionskip=\skip42
\bibindent=\dimen102
)
("C:\Program Files (x86)\MiKTeX\tex\latex\tools\multicol.sty"
Package: multicol 2008/12/05 v1.6h multicolumn formatting (FMi)
\c@tracingmulticols=\count87
\mult@box=\box26
\multicol@leftmargin=\dimen103
\c@unbalance=\count88
\c@collectmore=\count89
\doublecol@number=\count90
\multicoltolerance=\count91
\multicolpretolerance=\count92
\full@width=\dimen104
\page@free=\dimen105
\premulticols=\dimen106
\postmulticols=\dimen107
\multicolsep=\skip43
\multicolbaselineskip=\skip44
\partial@page=\box27
\last@line=\box28
\mult@rightbox=\box29
\mult@grightbox=\box30
\mult@gfirstbox=\box31
\mult@firstbox=\box32
\@tempa=\box33
\@tempa=\box34
\@tempa=\box35
\@tempa=\box36
\@tempa=\box37
\@tempa=\box38
\@tempa=\box39
\@tempa=\box40
\@tempa=\box41
\@tempa=\box42
\@tempa=\box43
\@tempa=\box44
\@tempa=\box45
\@tempa=\box46
\@tempa=\box47
\@tempa=\box48
\@tempa=\box49
\c@columnbadness=\count93
\c@finalcolumnbadness=\count94
\last@try=\dimen108
\multicolovershoot=\dimen109
\multicolundershoot=\dimen110
\mult@nat@firstbox=\box50
\colbreak@box=\box51
)
\c@chapter=\count95
LaTeX Font Info:    Redeclaring math symbol \Gamma on input line 360.
LaTeX Font Info:    Redeclaring math symbol \Delta on input line 361.
LaTeX Font Info:    Redeclaring math symbol \Theta on input line 362.
LaTeX Font Info:    Redeclaring math symbol \Lambda on input line 363.
LaTeX Font Info:    Redeclaring math symbol \Xi on input line 364.
LaTeX Font Info:    Redeclaring math symbol \Pi on input line 365.
LaTeX Font Info:    Redeclaring math symbol \Sigma on input line 366.
LaTeX Font Info:    Redeclaring math symbol \Upsilon on input line 367.
LaTeX Font Info:    Redeclaring math symbol \Phi on input line 368.
LaTeX Font Info:    Redeclaring math symbol \Psi on input line 369.
LaTeX Font Info:    Redeclaring math symbol \Omega on input line 370.
\tocchpnum=\dimen111
\tocsecnum=\dimen112
\tocsectotal=\dimen113
\tocsubsecnum=\dimen114
\tocsubsectotal=\dimen115
\tocsubsubsecnum=\dimen116
\tocsubsubsectotal=\dimen117
\tocparanum=\dimen118
\tocparatotal=\dimen119
\tocsubparanum=\dimen120
\@tempcntc=\count96
\fnindent=\dimen121
\c@@inst=\count97
\c@@auth=\count98
\c@auco=\count99
\instindent=\dimen122
\authrun=\box52
\authorrunning=\toks14
\tocauthor=\toks15
\titrun=\box53
\titlerunning=\toks16
\toctitle=\toks17
\c@theorem=\count100
\c@case=\count101
\c@conjecture=\count102
\c@corollary=\count103
\c@definition=\count104
\c@example=\count105
\c@exercise=\count106
\c@lemma=\count107
\c@note=\count108
\c@problem=\count109
\c@property=\count110
\c@proposition=\count111
\c@question=\count112
\c@solution=\count113
\c@remark=\count114
\headlineindent=\dimen123
)
("C:\Program Files (x86)\MiKTeX\tex\latex\graphics\color.sty"
Package: color 2005/11/14 v1.0j Standard LaTeX Color (DPC)

("C:\Program Files (x86)\MiKTeX\tex\latex\00miktex\color.cfg"
File: color.cfg 2007/01/18 v1.5 color configuration of teTeX/TeXLive
)
Package color Info: Driver file: pdftex.def on input line 130.

("C:\Program Files (x86)\MiKTeX\tex\latex\pdftex-def\pdftex.def"
File: pdftex.def 2011/04/25 v0.06b Graphics/color for pdfTeX

("C:\Program Files (x86)\MiKTeX\tex\generic\oberdiek\infwarerr.sty"
Package: infwarerr 2010/04/08 v1.3 Providing info/warning/message (HO)
)
("C:\Program Files (x86)\MiKTeX\tex\generic\oberdiek\ltxcmds.sty"
Package: ltxcmds 2011/04/18 v1.20 LaTeX kernel commands for general use (HO)
)
\Gread@gobject=\count115
)
("C:\Program Files (x86)\MiKTeX\tex\latex\graphics\dvipsnam.def"
File: dvipsnam.def 1999/02/16 v3.0i Driver-dependant file (DPC,SPQR)
))
("C:\Program Files (x86)\MiKTeX\tex\latex\graphics\graphicx.sty"
Package: graphicx 1999/02/16 v1.0f Enhanced LaTeX Graphics (DPC,SPQR)

("C:\Program Files (x86)\MiKTeX\tex\latex\graphics\keyval.sty"
Package: keyval 1999/03/16 v1.13 key=value parser (DPC)
\KV@toks@=\toks18
)
("C:\Program Files (x86)\MiKTeX\tex\latex\graphics\graphics.sty"
Package: graphics 2009/02/05 v1.0o Standard LaTeX Graphics (DPC,SPQR)

("C:\Program Files (x86)\MiKTeX\tex\latex\graphics\trig.sty"
Package: trig 1999/03/16 v1.09 sin cos tan (DPC)
)
("C:\Program Files (x86)\MiKTeX\tex\latex\00miktex\graphics.cfg"
File: graphics.cfg 2007/01/18 v1.5 graphics configuration of teTeX/TeXLive
)
Package graphics Info: Driver file: pdftex.def on input line 91.
)
\Gin@req@height=\dimen124
\Gin@req@width=\dimen125
)
(C:\Users\makbar\Desktop\Muhammad-Docs\Personal\new\submission\docs\src\latex\s
ubfigure.sty
Package: subfigure 2002/07/30 v2.1.4 subfigure package
\subfigtopskip=\skip45
\subfigcapskip=\skip46
\subfigcaptopadj=\dimen126
\subfigbottomskip=\skip47
\subfigcapmargin=\dimen127
\subfiglabelskip=\skip48
\c@subfigure=\count116
\c@lofdepth=\count117
\c@subtable=\count118
\c@lotdepth=\count119
\subfig@top=\skip49
\subfig@bottom=\skip50
) ("C:\Program Files (x86)\MiKTeX\tex\latex\listings\listings.sty"
\lst@mode=\count120
\lst@gtempboxa=\box54
\lst@token=\toks19
\lst@length=\count121
\lst@currlwidth=\dimen128
\lst@column=\count122
\lst@pos=\count123
\lst@lostspace=\dimen129
\lst@width=\dimen130
\lst@newlines=\count124
\lst@lineno=\count125
\lst@maxwidth=\dimen131

("C:\Program Files (x86)\MiKTeX\tex\latex\listings\lstmisc.sty"
File: lstmisc.sty 2007/02/22 1.4 (Carsten Heinz)
\c@lstnumber=\count126
\lst@skipnumbers=\count127
\lst@framebox=\box55
)
("C:\Program Files (x86)\MiKTeX\tex\latex\listings\listings.cfg"
File: listings.cfg 2007/02/22 1.4 listings configuration
))
Package: listings 2007/02/22 1.4 (Carsten Heinz)

("C:\Program Files (x86)\MiKTeX\tex\latex\ltxmisc\url.sty"
\Urlmuskip=\muskip10
Package: url 2006/04/12  ver 3.3  Verb mode for urls, etc.
)
(C:\Users\makbar\Desktop\Muhammad-Docs\Personal\new\submission\docs\src\latex\r
eport.aux)
LaTeX Font Info:    Checking defaults for OML/cmm/m/it on input line 14.
LaTeX Font Info:    ... okay on input line 14.
LaTeX Font Info:    Checking defaults for T1/cmr/m/n on input line 14.
LaTeX Font Info:    ... okay on input line 14.
LaTeX Font Info:    Checking defaults for OT1/cmr/m/n on input line 14.
LaTeX Font Info:    ... okay on input line 14.
LaTeX Font Info:    Checking defaults for OMS/cmsy/m/n on input line 14.
LaTeX Font Info:    ... okay on input line 14.
LaTeX Font Info:    Checking defaults for OMX/cmex/m/n on input line 14.
LaTeX Font Info:    ... okay on input line 14.
LaTeX Font Info:    Checking defaults for U/cmr/m/n on input line 14.
LaTeX Font Info:    ... okay on input line 14.
\c@lstlisting=\count128
LaTeX Font Info:    External font `cmex10' loaded for size
(Font)              <12> on input line 16.
LaTeX Font Info:    External font `cmex10' loaded for size
(Font)              <8> on input line 16.
LaTeX Font Info:    External font `cmex10' loaded for size
(Font)              <6> on input line 16.

Underfull \vbox (badness 10000) has occurred while \output is active []

 [1

{C:/Users/makbar/AppData/Local/MiKTeX/2.9/pdftex/config/pdftex.map}]
Underfull \vbox (badness 10000) has occurred while \output is active []

 [2]
[3]
LaTeX Font Info:    Try loading font information for OMS+cmtt on input line 91.

LaTeX Font Info:    No file OMScmtt.fd. on input line 91.


LaTeX Font Warning: Font shape `OMS/cmtt/m/n' undefined
(Font)              using `OMS/cmsy/m/n' instead
(Font)              for symbol `textbackslash' on input line 91.


Overfull \hbox (7.48428pt too wide) in paragraph at lines 98--99
[]\OT1/cmtt/m/n/9 apply[]isr[]patch.exe xor[]encryption[]key input[]executable 
output[]executable
 []

[4]
Overfull \hbox (71.80717pt too wide) in paragraph at lines 145--146
[]\OT1/cmtt/m/n/6 [FULL[]PATH[]TO[]PIN[]FOLDER]\OMS/cmtt/m/n/6 n\OT1/cmtt/m/n/6
 pin.bat -follow[]execv -t [FULL[]PATH[]TO[]PIN[]FOLDER]\OMS/cmtt/m/n/6 n\OT1/c
mtt/m/n/6 source\OMS/cmtt/m/n/6 n\OT1/cmtt/m/n/6 tools\OMS/cmtt/m/n/6 n\OT1/cmt
t/m/n/6 MyWorkspace\OMS/cmtt/m/n/6 n\OT1/cmtt/m/n/6 isrupin\OMS/cmtt/m/n/6 n\OT
1/cmtt/m/n/6 Debug\OMS/cmtt/m/n/6 n\OT1/cmtt/m/n/6 isrupin.dll
 []


Overfull \hbox (75.87083pt too wide) in paragraph at lines 149--150
[]\OT1/cmtt/m/n/6 C:\OMS/cmtt/m/n/6 n\OT1/cmtt/m/n/6 pin-2.10-43611-msvc9-ia32[
]intel64-windows\OMS/cmtt/m/n/6 n\OT1/cmtt/m/n/6 pin.bat -follow[]execv -t C:\O
MS/cmtt/m/n/6 n\OT1/cmtt/m/n/6 pin-2.10-43611-msvc9-ia32[]intel64-windows\OMS/c
mtt/m/n/6 n\OT1/cmtt/m/n/6 source\OMS/cmtt/m/n/6 n\OT1/cmtt/m/n/6 tools
 []


Overfull \hbox (98.72192pt too wide) in paragraph at lines 149--150
\OMS/cmtt/m/n/6 n\OT1/cmtt/m/n/6 MyWorkspace\OMS/cmtt/m/n/6 n\OT1/cmtt/m/n/6 is
rupin\OMS/cmtt/m/n/6 n\OT1/cmtt/m/n/6 Debug\OMS/cmtt/m/n/6 n\OT1/cmtt/m/n/6 isr
upin.dll -unique[]logfile -keydb C:\OMS/cmtt/m/n/6 n\OT1/cmtt/m/n/6 database\OM
S/cmtt/m/n/6 n\OT1/cmtt/m/n/6 image[]keys.db -- C:\OMS/cmtt/m/n/6 n\OT1/cmtt/m/
n/6 wamp32\OMS/cmtt/m/n/6 n\OT1/cmtt/m/n/6 bin\OMS/cmtt/m/n/6 n\OT1/cmtt/m/n/6 
apache\OMS/cmtt/m/n/6 n\OT1/cmtt/m/n/6 Apache2.2.21\OMS/cmtt/m/n/6 n\OT1/cmtt/m
/n/6 bin\OMS/cmtt/m/n/6 n\OT1/cmtt/m/n/6 httpd.exe 
 []


Underfull \vbox (badness 10000) has occurred while \output is active []

 [5]
<workflow.png, id=26, 487.8225pt x 463.7325pt>
File: workflow.png Graphic file (type png)
 <use workflow.png>
Package pdftex.def Info: workflow.png used on input line 165.
(pdftex.def)             Requested size: 278.0617pt x 264.33026pt.

Underfull \vbox (badness 10000) has occurred while \output is active []

 [6 <C:/Users/makbar/Desktop/Muhammad-Docs/Personal/new/submission/docs/src/lat
ex/workflow.png (PNG copy)>] [7] [8]
(C:\Users\makbar\Desktop\Muhammad-Docs\Personal\new\submission\docs\src\latex\r
eport.bbl) [9]
(C:\Users\makbar\Desktop\Muhammad-Docs\Personal\new\submission\docs\src\latex\r
eport.aux)

LaTeX Font Warning: Some font shapes were not available, defaults substituted.

 ) 
Here is how much of TeX's memory you used:
 2889 strings out of 494053
 40335 string characters out of 3147794
 105252 words of memory out of 3000000
 6178 multiletter control sequences out of 15000+200000
 9260 words of font info for 34 fonts, out of 3000000 for 9000
 715 hyphenation exceptions out of 8191
 28i,8n,32p,1186b,235s stack positions out of 5000i,500n,10000p,200000b,50000s
<C:/Program Files (x86)/MiKTeX/fonts/type1/public/amsfonts/cm/cmbx12.pfb><C:/
Program Files (x86)/MiKTeX/fonts/type1/public/amsfonts/cm/cmbx9.pfb><C:/Program
 Files (x86)/MiKTeX/fonts/type1/public/amsfonts/cm/cmr12.pfb><C:/Program Files 
(x86)/MiKTeX/fonts/type1/public/amsfonts/cm/cmr9.pfb><C:/Program Files (x86)/Mi
KTeX/fonts/type1/public/amsfonts/cm/cmsy10.pfb><C:/Program Files (x86)/MiKTeX/f
onts/type1/public/amsfonts/cm/cmsy6.pfb><C:/Program Files (x86)/MiKTeX/fonts/ty
pe1/public/amsfonts/cm/cmsy9.pfb><C:/Program Files (x86)/MiKTeX/fonts/type1/pub
lic/amsfonts/cm/cmtt12.pfb><C:/Program Files (x86)/MiKTeX/fonts/type1/public/am
sfonts/cm/cmtt8.pfb><C:/Program Files (x86)/MiKTeX/fonts/type1/public/amsfonts/
cm/cmtt9.pfb>
Output written on report.pdf (9 pages, 238338 bytes).
PDF statistics:
 73 PDF objects out of 1000 (max. 8388607)
 0 named destinations out of 1000 (max. 500000)
 6 words of extra memory for PDF output out of 10000 (max. 10000000)

